============================= test session starts =============================
platform win32 -- Python 3.10.11, pytest-7.4.0, pluggy-1.6.0 -- C:\Users\wangt-aw\AppData\Local\Programs\Python\Python310\python.exe
cachedir: .pytest_cache
rootdir: f:\UI_AUTO
configfile: pytest.ini
plugins: allure-pytest-2.13.2, anyio-4.12.1, Faker-40.11.0, base-url-2.0.0, forked-1.6.0, ordering-0.6, playwright-0.4.0, rerunfailures-12.0, xdist-3.3.0
collecting ... collected 1 item

tests/test_sales_order_flow.py::TestSalesOrderFlow::test_sales_full_order_flow[chromium] 2026-07-06 09:06:14 | INFO     | UI.conftest | conftest.py:60 | ============================================================

------------------------------- live log setup --------------------------------
2026-07-06 09:06:14 [INFO] UI.conftest: ============================================================
2026-07-06 09:06:14 | INFO     | UI.conftest | conftest.py:61 | 测试环境: test
2026-07-06 09:06:14 [INFO] UI.conftest: 测试环境: test
2026-07-06 09:06:14 | INFO     | UI.conftest | conftest.py:62 | 基础URL: https://zjtest.gyuncai.com
2026-07-06 09:06:14 [INFO] UI.conftest: 基础URL: https://zjtest.gyuncai.com
2026-07-06 09:06:14 | INFO     | UI.conftest | conftest.py:63 | 浏览器: chrome (headless=False)
2026-07-06 09:06:14 [INFO] UI.conftest: 浏览器: chrome (headless=False)
2026-07-06 09:06:14 | INFO     | UI.conftest | conftest.py:64 | 视口: 1920x1080
2026-07-06 09:06:14 [INFO] UI.conftest: 视口: 1920x1080
2026-07-06 09:06:14 | INFO     | UI.conftest | conftest.py:65 | 超时: 30000ms | 重试: 2次
2026-07-06 09:06:14 [INFO] UI.conftest: 超时: 30000ms | 重试: 2次
2026-07-06 09:06:14 | INFO     | UI.conftest | conftest.py:66 | ============================================================
2026-07-06 09:06:14 [INFO] UI.conftest: ============================================================
[INFO] 使用 Chrome 浏览器: C:\Program Files\Google\Chrome\Application\chrome.exe
2026-07-06 09:06:15 | INFO     | UI.tests.test_sales_order_flow | test_sales_order_flow.py:59 | ==================================================
-------------------------------- live log call --------------------------------
2026-07-06 09:06:15 [INFO] UI.tests.test_sales_order_flow: ==================================================
2026-07-06 09:06:15 | INFO     | UI.tests.test_sales_order_flow | test_sales_order_flow.py:60 | 销售完整下单流程测试 - 开始
2026-07-06 09:06:15 [INFO] UI.tests.test_sales_order_flow: 销售完整下单流程测试 - 开始
2026-07-06 09:06:15 | INFO     | UI.tests.test_sales_order_flow | test_sales_order_flow.py:61 | ==================================================
2026-07-06 09:06:15 [INFO] UI.tests.test_sales_order_flow: ==================================================
2026-07-06 09:06:15 | INFO     | UI.tests.test_sales_order_flow | test_sales_order_flow.py:64 | --- Phase 1: 销售登录 ---
2026-07-06 09:06:15 [INFO] UI.tests.test_sales_order_flow: --- Phase 1: 销售登录 ---
2026-07-06 09:06:15 | INFO     | UI.pages.sales_login_page | sales_login_page.py:74 | 打开销售登录页
2026-07-06 09:06:15 [INFO] UI.pages.sales_login_page: 打开销售登录页
2026-07-06 09:06:15 | INFO     | UI.pages.base_page | base_page.py:152 | 导航至: https://zjtest.gyuncai.com/mall/view/buyerLogin
2026-07-06 09:06:15 [INFO] UI.pages.base_page: 导航至: https://zjtest.gyuncai.com/mall/view/buyerLogin
2026-07-06 09:07:15 | ERROR    | UI.conftest | conftest.py:91 | 测试失败: test_sales_full_order_flow[chromium] | tests\test_sales_order_flow.py:66: in test_sales_full_order_flow
    login_page.open().sales_login(
pages\sales_login_page.py:75: in open
    self.navigate(self._url or self.SALES_URL)
pages\base_page.py:153: in navigate
    self.page.goto(url, wait_until="domcontentloaded",
C:\Users\wangt-aw\AppData\Local\Programs\Python\Python310\lib\site-packages\playwright\sync_api\_generated.py:9303: in goto
    self._sync(
C:\Users\wangt-aw\AppData\Local\Programs\Python\Python310\lib\site-packages\playwright\_impl\_page.py:473: in goto
    return await self._main_frame.goto(**locals_to_params(locals()))
C:\Users\wangt-aw\AppData\Local\Programs\Python\Python310\lib\site-packages\playwright\_impl\_frame.py:138: in goto
    await self._channel.send("goto", locals_to_params(locals()))
C:\Users\wangt-aw\AppData\Local\Programs\Python\Python310\lib\site-packages\playwright\_impl\_connection.py:61: in send
    return await self._connection.wrap_api_call(
C:\Users\wangt-aw\AppData\Local\Programs\Python\Python310\lib\site-packages\playwright\_impl\_connection.py:482: in wrap_api_call
    return await cb()
C:\Users\wangt-aw\AppData\Local\Programs\Python\Python310\lib\site-packages\playwright\_impl\_connection.py:97: in inner_send
    result = next(iter(done)).result()
E   playwright._impl._api_types.TimeoutError: Timeout 60000ms exceeded.
E   =========================== logs ===========================
E   navigating to "https://zjtest.gyuncai.com/mall/view/buyerLogin", waiting until "domcontentloaded"
E   ============================================================
2026-07-06 09:07:15 [ERROR] UI.conftest: 测试失败: test_sales_full_order_flow[chromium] | tests\test_sales_order_flow.py:66: in test_sales_full_order_flow
    login_page.open().sales_login(
pages\sales_login_page.py:75: in open
    self.navigate(self._url or self.SALES_URL)
pages\base_page.py:153: in navigate
    self.page.goto(url, wait_until="domcontentloaded",
C:\Users\wangt-aw\AppData\Local\Programs\Python\Python310\lib\site-packages\playwright\sync_api\_generated.py:9303: in goto
    self._sync(
C:\Users\wangt-aw\AppData\Local\Programs\Python\Python310\lib\site-packages\playwright\_impl\_page.py:473: in goto
    return await self._main_frame.goto(**locals_to_params(locals()))
C:\Users\wangt-aw\AppData\Local\Programs\Python\Python310\lib\site-packages\playwright\_impl\_frame.py:138: in goto
    await self._channel.send("goto", locals_to_params(locals()))
C:\Users\wangt-aw\AppData\Local\Programs\Python\Python310\lib\site-packages\playwright\_impl\_connection.py:61: in send
    return await self._connection.wrap_api_call(
C:\Users\wangt-aw\AppData\Local\Programs\Python\Python310\lib\site-packages\playwright\_impl\_connection.py:482: in wrap_api_call
    return await cb()
C:\Users\wangt-aw\AppData\Local\Programs\Python\Python310\lib\site-packages\playwright\_impl\_connection.py:97: in inner_send
    result = next(iter(done)).result()
E   playwright._impl._api_types.TimeoutError: Timeout 60000ms exceeded.
E   =========================== logs ===========================
E   navigating to "https://zjtest.gyuncai.com/mall/view/buyerLogin", waiting until "domcontentloaded"
E   ============================================================
2026-07-06 09:07:15 | INFO     | UI.conftest | conftest.py:100 | 截图已保存: F:\UI_AUTO\reports\screenshots\FAIL_20260706_090715_test_sales_full_order_flow[chromium].png
2026-07-06 09:07:15 [INFO] UI.conftest: 截图已保存: F:\UI_AUTO\reports\screenshots\FAIL_20260706_090715_test_sales_full_order_flow[chromium].png
RERUN
tests/test_sales_order_flow.py::TestSalesOrderFlow::test_sales_full_order_flow[chromium] 2026-07-06 09:07:16 | INFO     | UI.tests.test_sales_order_flow | test_sales_order_flow.py:59 | ==================================================

-------------------------------- live log call --------------------------------
2026-07-06 09:07:16 [INFO] UI.tests.test_sales_order_flow: ==================================================
2026-07-06 09:07:16 | INFO     | UI.tests.test_sales_order_flow | test_sales_order_flow.py:60 | 销售完整下单流程测试 - 开始
2026-07-06 09:07:16 [INFO] UI.tests.test_sales_order_flow: 销售完整下单流程测试 - 开始
2026-07-06 09:07:16 | INFO     | UI.tests.test_sales_order_flow | test_sales_order_flow.py:61 | ==================================================
2026-07-06 09:07:16 [INFO] UI.tests.test_sales_order_flow: ==================================================
2026-07-06 09:07:16 | INFO     | UI.tests.test_sales_order_flow | test_sales_order_flow.py:64 | --- Phase 1: 销售登录 ---
2026-07-06 09:07:16 [INFO] UI.tests.test_sales_order_flow: --- Phase 1: 销售登录 ---
2026-07-06 09:07:16 | INFO     | UI.pages.sales_login_page | sales_login_page.py:74 | 打开销售登录页
2026-07-06 09:07:16 [INFO] UI.pages.sales_login_page: 打开销售登录页
2026-07-06 09:07:16 | INFO     | UI.pages.base_page | base_page.py:152 | 导航至: https://zjtest.gyuncai.com/mall/view/buyerLogin
2026-07-06 09:07:16 [INFO] UI.pages.base_page: 导航至: https://zjtest.gyuncai.com/mall/view/buyerLogin
2026-07-06 09:08:22 | INFO     | UI.pages.sales_login_page | sales_login_page.py:101 | 销售登录，用户: xuzw
2026-07-06 09:08:22 [INFO] UI.pages.sales_login_page: 销售登录，用户: xuzw
2026-07-06 09:08:22 | INFO     | UI.pages.sales_login_page | sales_login_page.py:104 | 步骤1: 等待账号输入框加载
2026-07-06 09:08:22 [INFO] UI.pages.sales_login_page: 步骤1: 等待账号输入框加载
2026-07-06 09:08:22 | INFO     | UI.pages.sales_login_page | sales_login_page.py:108 | 步骤2: 输入用户名: xuzw
2026-07-06 09:08:22 [INFO] UI.pages.sales_login_page: 步骤2: 输入用户名: xuzw
2026-07-06 09:08:22 | INFO     | UI.pages.sales_login_page | sales_login_page.py:112 | 步骤3: 输入密码
2026-07-06 09:08:22 [INFO] UI.pages.sales_login_page: 步骤3: 输入密码
2026-07-06 09:08:22 | INFO     | UI.pages.sales_login_page | sales_login_page.py:116 | 步骤4: 点击登录
2026-07-06 09:08:22 [INFO] UI.pages.sales_login_page: 步骤4: 点击登录
2026-07-06 09:08:22 | INFO     | UI.pages.sales_login_page | sales_login_page.py:119 | 登录请求已提交，等待页面响应...
2026-07-06 09:08:22 [INFO] UI.pages.sales_login_page: 登录请求已提交，等待页面响应...
2026-07-06 09:08:24 | INFO     | UI.pages.sales_login_page | sales_login_page.py:124 | 步骤5: 检查是否需要关闭首次登录弹窗
2026-07-06 09:08:24 [INFO] UI.pages.sales_login_page: 步骤5: 检查是否需要关闭首次登录弹窗
2026-07-06 09:08:27 | INFO     | UI.pages.sales_login_page | sales_login_page.py:130 | 未找到首次登录弹窗，跳过。原因: Timeout 3000ms exceeded.
=========================== logs ===========================
waiting for locator("button:has-text('我知道了')") to be visible
============================================================
2026-07-06 09:08:27 [INFO] UI.pages.sales_login_page: 未找到首次登录弹窗，跳过。原因: Timeout 3000ms exceeded.
=========================== logs ===========================
waiting for locator("button:has-text('我知道了')") to be visible
============================================================
2026-07-06 09:08:27 | INFO     | UI.pages.sales_login_page | sales_login_page.py:133 | 步骤6: 断言登录成功...
2026-07-06 09:08:27 [INFO] UI.pages.sales_login_page: 步骤6: 断言登录成功...
2026-07-06 09:08:27 | INFO     | UI.pages.sales_login_page | sales_login_page.py:141 | 断言销售登录成功
2026-07-06 09:08:27 [INFO] UI.pages.sales_login_page: 断言销售登录成功
2026-07-06 09:08:27 | INFO     | UI.pages.sales_login_page | sales_login_page.py:145 | 登录成功断言通过（匹配: text=徐滋惟）
2026-07-06 09:08:27 [INFO] UI.pages.sales_login_page: 登录成功断言通过（匹配: text=徐滋惟）
2026-07-06 09:08:27 | INFO     | UI.pages.sales_login_page | sales_login_page.py:136 | [SUCCESS] 销售登录成功，返回 HomePage
2026-07-06 09:08:27 [INFO] UI.pages.sales_login_page: [SUCCESS] 销售登录成功，返回 HomePage
2026-07-06 09:08:27 | INFO     | UI.tests.test_sales_order_flow | test_sales_order_flow.py:72 | --- Phase 2: 搜索产品 + 加入购物车 ---
2026-07-06 09:08:27 [INFO] UI.tests.test_sales_order_flow: --- Phase 2: 搜索产品 + 加入购物车 ---
2026-07-06 09:08:27 | INFO     | UI.pages.sales_home_page | sales_home_page.py:78 | 搜索产品: 10004188
2026-07-06 09:08:27 [INFO] UI.pages.sales_home_page: 搜索产品: 10004188
2026-07-06 09:08:28 | INFO     | UI.pages.sales_home_page | sales_home_page.py:86 | 搜索完成: 10004188
2026-07-06 09:08:28 [INFO] UI.pages.sales_home_page: 搜索完成: 10004188
2026-07-06 09:08:28 | INFO     | UI.pages.sales_home_page | sales_home_page.py:132 | 断言搜索结果可见
2026-07-06 09:08:28 [INFO] UI.pages.sales_home_page: 断言搜索结果可见
2026-07-06 09:08:34 | INFO     | UI.pages.sales_home_page | sales_home_page.py:102 | 点击第 3 个「加入购物车」按钮
2026-07-06 09:08:34 [INFO] UI.pages.sales_home_page: 点击第 3 个「加入购物车」按钮
2026-07-06 09:09:04 | ERROR    | UI.conftest | conftest.py:91 | 测试失败: test_sales_full_order_flow[chromium] | tests\test_sales_order_flow.py:81: in test_sales_full_order_flow
    sales_home.add_to_cart(index=ADD_TO_CART_INDEX)
pages\sales_home_page.py:104: in add_to_cart
    self.locate("text=加入购物车").nth(index - 1).click()
C:\Users\wangt-aw\AppData\Local\Programs\Python\Python310\lib\site-packages\playwright\sync_api\_generated.py:15749: in click
    self._sync(
C:\Users\wangt-aw\AppData\Local\Programs\Python\Python310\lib\site-packages\playwright\_impl\_locator.py:159: in click
    return await self._frame.click(self._selector, strict=True, **params)
C:\Users\wangt-aw\AppData\Local\Programs\Python\Python310\lib\site-packages\playwright\_impl\_frame.py:483: in click
    await self._channel.send("click", locals_to_params(locals()))
C:\Users\wangt-aw\AppData\Local\Programs\Python\Python310\lib\site-packages\playwright\_impl\_connection.py:61: in send
    return await self._connection.wrap_api_call(
C:\Users\wangt-aw\AppData\Local\Programs\Python\Python310\lib\site-packages\playwright\_impl\_connection.py:482: in wrap_api_call
    return await cb()
C:\Users\wangt-aw\AppData\Local\Programs\Python\Python310\lib\site-packages\playwright\_impl\_connection.py:97: in inner_send
    result = next(iter(done)).result()
E   playwright._impl._api_types.TimeoutError: Timeout 30000ms exceeded.
E   =========================== logs ===========================
E   waiting for locator("text=加入购物车").nth(2)
E     locator resolved to <span data-v-04c0ad85="" class="linear_btn">加入购物车</span>
E   attempting click action
E     waiting for element to be visible, enabled and stable
E       element is not visible - waiting...
E   ============================================================
2026-07-06 09:09:04 [ERROR] UI.conftest: 测试失败: test_sales_full_order_flow[chromium] | tests\test_sales_order_flow.py:81: in test_sales_full_order_flow
    sales_home.add_to_cart(index=ADD_TO_CART_INDEX)
pages\sales_home_page.py:104: in add_to_cart
    self.locate("text=加入购物车").nth(index - 1).click()
C:\Users\wangt-aw\AppData\Local\Programs\Python\Python310\lib\site-packages\playwright\sync_api\_generated.py:15749: in click
    self._sync(
C:\Users\wangt-aw\AppData\Local\Programs\Python\Python310\lib\site-packages\playwright\_impl\_locator.py:159: in click
    return await self._frame.click(self._selector, strict=True, **params)
C:\Users\wangt-aw\AppData\Local\Programs\Python\Python310\lib\site-packages\playwright\_impl\_frame.py:483: in click
    await self._channel.send("click", locals_to_params(locals()))
C:\Users\wangt-aw\AppData\Local\Programs\Python\Python310\lib\site-packages\playwright\_impl\_connection.py:61: in send
    return await self._connection.wrap_api_call(
C:\Users\wangt-aw\AppData\Local\Programs\Python\Python310\lib\site-packages\playwright\_impl\_connection.py:482: in wrap_api_call
    return await cb()
C:\Users\wangt-aw\AppData\Local\Programs\Python\Python310\lib\site-packages\playwright\_impl\_connection.py:97: in inner_send
    result = next(iter(done)).result()
E   playwright._impl._api_types.TimeoutError: Timeout 30000ms exceeded.
E   =========================== logs ===========================
E   waiting for locator("text=加入购物车").nth(2)
E     locator resolved to <span data-v-04c0ad85="" class="linear_btn">加入购物车</span>
E   attempting click action
E     waiting for element to be visible, enabled and stable
E       element is not visible - waiting...
E   ============================================================
2026-07-06 09:09:04 | INFO     | UI.conftest | conftest.py:100 | 截图已保存: F:\UI_AUTO\reports\screenshots\FAIL_20260706_090904_test_sales_full_order_flow[chromium].png
2026-07-06 09:09:04 [INFO] UI.conftest: 截图已保存: F:\UI_AUTO\reports\screenshots\FAIL_20260706_090904_test_sales_full_order_flow[chromium].png
RERUN
tests/test_sales_order_flow.py::TestSalesOrderFlow::test_sales_full_order_flow[chromium] 2026-07-06 09:09:06 | INFO     | UI.tests.test_sales_order_flow | test_sales_order_flow.py:59 | ==================================================

-------------------------------- live log call --------------------------------
2026-07-06 09:09:06 [INFO] UI.tests.test_sales_order_flow: ==================================================
2026-07-06 09:09:06 | INFO     | UI.tests.test_sales_order_flow | test_sales_order_flow.py:60 | 销售完整下单流程测试 - 开始
2026-07-06 09:09:06 [INFO] UI.tests.test_sales_order_flow: 销售完整下单流程测试 - 开始
2026-07-06 09:09:06 | INFO     | UI.tests.test_sales_order_flow | test_sales_order_flow.py:61 | ==================================================
2026-07-06 09:09:06 [INFO] UI.tests.test_sales_order_flow: ==================================================
2026-07-06 09:09:06 | INFO     | UI.tests.test_sales_order_flow | test_sales_order_flow.py:64 | --- Phase 1: 销售登录 ---
2026-07-06 09:09:06 [INFO] UI.tests.test_sales_order_flow: --- Phase 1: 销售登录 ---
2026-07-06 09:09:06 | INFO     | UI.pages.sales_login_page | sales_login_page.py:74 | 打开销售登录页
2026-07-06 09:09:06 [INFO] UI.pages.sales_login_page: 打开销售登录页
2026-07-06 09:09:06 | INFO     | UI.pages.base_page | base_page.py:152 | 导航至: https://zjtest.gyuncai.com/mall/view/buyerLogin
2026-07-06 09:09:06 [INFO] UI.pages.base_page: 导航至: https://zjtest.gyuncai.com/mall/view/buyerLogin
2026-07-06 09:10:06 | ERROR    | UI.conftest | conftest.py:91 | 测试失败: test_sales_full_order_flow[chromium] | tests\test_sales_order_flow.py:66: in test_sales_full_order_flow
    login_page.open().sales_login(
pages\sales_login_page.py:75: in open
    self.navigate(self._url or self.SALES_URL)
pages\base_page.py:153: in navigate
    self.page.goto(url, wait_until="domcontentloaded",
C:\Users\wangt-aw\AppData\Local\Programs\Python\Python310\lib\site-packages\playwright\sync_api\_generated.py:9303: in goto
    self._sync(
C:\Users\wangt-aw\AppData\Local\Programs\Python\Python310\lib\site-packages\playwright\_impl\_page.py:473: in goto
    return await self._main_frame.goto(**locals_to_params(locals()))
C:\Users\wangt-aw\AppData\Local\Programs\Python\Python310\lib\site-packages\playwright\_impl\_frame.py:138: in goto
    await self._channel.send("goto", locals_to_params(locals()))
C:\Users\wangt-aw\AppData\Local\Programs\Python\Python310\lib\site-packages\playwright\_impl\_connection.py:61: in send
    return await self._connection.wrap_api_call(
C:\Users\wangt-aw\AppData\Local\Programs\Python\Python310\lib\site-packages\playwright\_impl\_connection.py:482: in wrap_api_call
    return await cb()
C:\Users\wangt-aw\AppData\Local\Programs\Python\Python310\lib\site-packages\playwright\_impl\_connection.py:97: in inner_send
    result = next(iter(done)).result()
E   playwright._impl._api_types.TimeoutError: Timeout 60000ms exceeded.
E   =========================== logs ===========================
E   navigating to "https://zjtest.gyuncai.com/mall/view/buyerLogin", waiting until "domcontentloaded"
E   ============================================================
2026-07-06 09:10:06 [ERROR] UI.conftest: 测试失败: test_sales_full_order_flow[chromium] | tests\test_sales_order_flow.py:66: in test_sales_full_order_flow
    login_page.open().sales_login(
pages\sales_login_page.py:75: in open
    self.navigate(self._url or self.SALES_URL)
pages\base_page.py:153: in navigate
    self.page.goto(url, wait_until="domcontentloaded",
C:\Users\wangt-aw\AppData\Local\Programs\Python\Python310\lib\site-packages\playwright\sync_api\_generated.py:9303: in goto
    self._sync(
C:\Users\wangt-aw\AppData\Local\Programs\Python\Python310\lib\site-packages\playwright\_impl\_page.py:473: in goto
    return await self._main_frame.goto(**locals_to_params(locals()))
C:\Users\wangt-aw\AppData\Local\Programs\Python\Python310\lib\site-packages\playwright\_impl\_frame.py:138: in goto
    await self._channel.send("goto", locals_to_params(locals()))
C:\Users\wangt-aw\AppData\Local\Programs\Python\Python310\lib\site-packages\playwright\_impl\_connection.py:61: in send
    return await self._connection.wrap_api_call(
C:\Users\wangt-aw\AppData\Local\Programs\Python\Python310\lib\site-packages\playwright\_impl\_connection.py:482: in wrap_api_call
    return await cb()
C:\Users\wangt-aw\AppData\Local\Programs\Python\Python310\lib\site-packages\playwright\_impl\_connection.py:97: in inner_send
    result = next(iter(done)).result()
E   playwright._impl._api_types.TimeoutError: Timeout 60000ms exceeded.
E   =========================== logs ===========================
E   navigating to "https://zjtest.gyuncai.com/mall/view/buyerLogin", waiting until "domcontentloaded"
E   ============================================================
